<?xml version="1.0" encoding="UTF-8"?>
<testsuite xmlns:xsi="http://www.w3.org/2001/XMLSchema-instance" xsi:noNamespaceSchemaLocation="https://maven.apache.org/surefire/maven-surefire-plugin/xsd/surefire-test-report-3.0.xsd" version="3.0" name="cucumber.Options.TestRunner" time="11.09" tests="2" errors="0" skipped="0" failures="0">
  <properties>
[...]
</properties>
  <testcase name="Verify if Place is being successfully added usimg AddPlaceAPI" classname="Validating Place API&apos;s" time="7.75">
    <system-out><![CDATA[/maps/api/place/add/json
16:19:14.220 [main] DEBUG org.apache.http.impl.conn.BasicClientConnectionManager -- Get connection for route {s}->https://rahulshettyacademy.com:443
16:19:14.401 [main] DEBUG org.apache.http.impl.conn.DefaultClientConnectionOperator -- Connecting to rahulshettyacademy.com:443
16:19:14.877 [main] DEBUG org.apache.http.client.protocol.RequestAddCookies -- CookieSpec selected: ignoreCookies
16:19:14.877 [main] DEBUG org.apache.http.client.protocol.RequestAuthCache -- Auth cache not set in the context
16:19:14.877 [main] DEBUG org.apache.http.client.protocol.RequestTargetAuthentication -- Target auth state: UNCHALLENGED
16:19:14.877 [main] DEBUG org.apache.http.client.protocol.RequestProxyAuthentication -- Proxy auth state: UNCHALLENGED
16:19:14.877 [main] DEBUG org.apache.http.impl.client.DefaultHttpClient -- Attempt 1 to execute request
16:19:14.877 [main] DEBUG org.apache.http.impl.conn.DefaultClientConnection -- Sending request: POST /maps/api/place/add/json?key=qaclick123 HTTP/1.1
16:19:14.883 [main] DEBUG org.apache.http.wire --  >> "POST /maps/api/place/add/json?key=qaclick123 HTTP/1.1[\r][\n]"
16:19:14.883 [main] DEBUG org.apache.http.wire --  >> "Accept: */*[\r][\n]"
16:19:14.883 [main] DEBUG org.apache.http.wire --  >> "Content-Type: application/json[\r][\n]"
16:19:14.883 [main] DEBUG org.apache.http.wire --  >> "Content-Length: 238[\r][\n]"
16:19:14.883 [main] DEBUG org.apache.http.wire --  >> "Host: rahulshettyacademy.com[\r][\n]"
16:19:14.884 [main] DEBUG org.apache.http.wire --  >> "Connection: Keep-Alive[\r][\n]"
16:19:14.884 [main] DEBUG org.apache.http.wire --  >> "User-Agent: Apache-HttpClient/4.5.13 (Java/21.0.8)[\r][\n]"
16:19:14.884 [main] DEBUG org.apache.http.wire --  >> "Accept-Encoding: gzip,deflate[\r][\n]"
16:19:14.884 [main] DEBUG org.apache.http.wire --  >> "[\r][\n]"
16:19:14.884 [main] DEBUG org.apache.http.headers -- >> POST /maps/api/place/add/json?key=qaclick123 HTTP/1.1
16:19:14.884 [main] DEBUG org.apache.http.headers -- >> Accept: */*
16:19:14.884 [main] DEBUG org.apache.http.headers -- >> Content-Type: application/json
16:19:14.884 [main] DEBUG org.apache.http.headers -- >> Content-Length: 238
16:19:14.884 [main] DEBUG org.apache.http.headers -- >> Host: rahulshettyacademy.com
16:19:14.885 [main] DEBUG org.apache.http.headers -- >> Connection: Keep-Alive
16:19:14.885 [main] DEBUG org.apache.http.headers -- >> User-Agent: Apache-HttpClient/4.5.13 (Java/21.0.8)
16:19:14.885 [main] DEBUG org.apache.http.headers -- >> Accept-Encoding: gzip,deflate
16:19:14.885 [main] DEBUG org.apache.http.wire --  >> "{"accuracy":50,"name":"AAhouse","phone_number":"(+91) 983 893 3937","address":"World cross center","website":"https://rahulshettyacademy.com","language":"English","location":{"lat":-38.383494,"lng":33.427362},"types":["shoe park","shop"]}"
16:19:14.924 [main] DEBUG org.apache.http.wire --  << "HTTP/1.1 200 OK[\r][\n]"
16:19:14.925 [main] DEBUG org.apache.http.wire --  << "Date: Thu, 11 Dec 2025 10:49:15 GMT[\r][\n]"
16:19:14.925 [main] DEBUG org.apache.http.wire --  << "Server: Apache/2.4.52 (Ubuntu)[\r][\n]"
16:19:14.925 [main] DEBUG org.apache.http.wire --  << "Access-Control-Allow-Origin: *[\r][\n]"
16:19:14.925 [main] DEBUG org.apache.http.wire --  << "Access-Control-Allow-Methods: POST[\r][\n]"
16:19:14.925 [main] DEBUG org.apache.http.wire --  << "Access-Control-Max-Age: 3600[\r][\n]"
16:19:14.925 [main] DEBUG org.apache.http.wire --  << "Access-Control-Allow-Headers: Content-Type, Access-Control-Allow-Headers, Authorization, X-Requested-With[\r][\n]"
16:19:14.925 [main] DEBUG org.apache.http.wire --  << "Content-Length: 194[\r][\n]"
16:19:14.925 [main] DEBUG org.apache.http.wire --  << "Keep-Alive: timeout=5, max=100[\r][\n]"
16:19:14.925 [main] DEBUG org.apache.http.wire --  << "Connection: Keep-Alive[\r][\n]"
16:19:14.925 [main] DEBUG org.apache.http.wire --  << "Content-Type: application/json;charset=UTF-8[\r][\n]"
16:19:14.925 [main] DEBUG org.apache.http.wire --  << "[\r][\n]"
16:19:14.925 [main] DEBUG org.apache.http.impl.conn.DefaultClientConnection -- Receiving response: HTTP/1.1 200 OK
16:19:14.925 [main] DEBUG org.apache.http.headers -- << HTTP/1.1 200 OK
16:19:14.925 [main] DEBUG org.apache.http.headers -- << Date: Thu, 11 Dec 2025 10:49:15 GMT
16:19:14.925 [main] DEBUG org.apache.http.headers -- << Server: Apache/2.4.52 (Ubuntu)
16:19:14.925 [main] DEBUG org.apache.http.headers -- << Access-Control-Allow-Origin: *
16:19:14.925 [main] DEBUG org.apache.http.headers -- << Access-Control-Allow-Methods: POST
16:19:14.925 [main] DEBUG org.apache.http.headers -- << Access-Control-Max-Age: 3600
16:19:14.925 [main] DEBUG org.apache.http.headers -- << Access-Control-Allow-Headers: Content-Type, Access-Control-Allow-Headers, Authorization, X-Requested-With
16:19:14.925 [main] DEBUG org.apache.http.headers -- << Content-Length: 194
16:19:14.925 [main] DEBUG org.apache.http.headers -- << Keep-Alive: timeout=5, max=100
16:19:14.925 [main] DEBUG org.apache.http.headers -- << Connection: Keep-Alive
16:19:14.925 [main] DEBUG org.apache.http.headers -- << Content-Type: application/json;charset=UTF-8
16:19:14.931 [main] DEBUG org.apache.http.impl.client.DefaultHttpClient -- Connection can be kept alive for 5000 MILLISECONDS
16:19:14.940 [main] DEBUG io.restassured.internal.RestAssuredHttpBuilder -- Parsing response as: application/json;charset=UTF-8
16:19:14.940 [main] DEBUG io.restassured.internal.RestAssuredHttpBuilder -- Parsed data to instance of: class org.apache.http.conn.EofSensorInputStream
16:19:14.990 [main] DEBUG org.apache.http.wire --  << "{"status":"OK","place_id":"33723bd4c007325ac4b7d3cf3d4f8933","scope":"APP","reference":"fe334572264f58c7163743c7b33e2673fe334572264f58c7163743c7b33e2673","id":"fe334572264f58c7163743c7b33e2673"}"
16:19:14.990 [main] DEBUG org.apache.http.impl.conn.BasicClientConnectionManager -- Releasing connection org.apache.http.impl.conn.ManagedClientConnectionImpl@6d6ac396
16:19:14.990 [main] DEBUG org.apache.http.impl.conn.BasicClientConnectionManager -- Connection can be kept alive for 5000 MILLISECONDS
/maps/api/place/get/json
16:19:16.312 [main] DEBUG org.apache.http.impl.conn.BasicClientConnectionManager -- Get connection for route {s}->https://rahulshettyacademy.com:443
16:19:16.312 [main] DEBUG org.apache.http.impl.conn.DefaultClientConnectionOperator -- Connecting to rahulshettyacademy.com:443
16:19:16.388 [main] DEBUG org.apache.http.client.protocol.RequestAddCookies -- CookieSpec selected: ignoreCookies
16:19:16.393 [main] DEBUG org.apache.http.client.protocol.RequestAuthCache -- Auth cache not set in the context
16:19:16.393 [main] DEBUG org.apache.http.client.protocol.RequestTargetAuthentication -- Target auth state: UNCHALLENGED
16:19:16.393 [main] DEBUG org.apache.http.client.protocol.RequestProxyAuthentication -- Proxy auth state: UNCHALLENGED
16:19:16.394 [main] DEBUG org.apache.http.impl.client.DefaultHttpClient -- Attempt 1 to execute request
16:19:16.394 [main] DEBUG org.apache.http.impl.conn.DefaultClientConnection -- Sending request: GET /maps/api/place/get/json?key=qaclick123&place_id=33723bd4c007325ac4b7d3cf3d4f8933 HTTP/1.1
16:19:16.395 [main] DEBUG org.apache.http.wire --  >> "GET /maps/api/place/get/json?key=qaclick123&place_id=33723bd4c007325ac4b7d3cf3d4f8933 HTTP/1.1[\r][\n]"
16:19:16.395 [main] DEBUG org.apache.http.wire --  >> "Content-Type: application/json[\r][\n]"
16:19:16.395 [main] DEBUG org.apache.http.wire --  >> "Accept: */*[\r][\n]"
16:19:16.395 [main] DEBUG org.apache.http.wire --  >> "Host: rahulshettyacademy.com[\r][\n]"
16:19:16.395 [main] DEBUG org.apache.http.wire --  >> "Connection: Keep-Alive[\r][\n]"
16:19:16.395 [main] DEBUG org.apache.http.wire --  >> "User-Agent: Apache-HttpClient/4.5.13 (Java/21.0.8)[\r][\n]"
16:19:16.395 [main] DEBUG org.apache.http.wire --  >> "Accept-Encoding: gzip,deflate[\r][\n]"
16:19:16.395 [main] DEBUG org.apache.http.wire --  >> "[\r][\n]"
16:19:16.395 [main] DEBUG org.apache.http.headers -- >> GET /maps/api/place/get/json?key=qaclick123&place_id=33723bd4c007325ac4b7d3cf3d4f8933 HTTP/1.1
16:19:16.395 [main] DEBUG org.apache.http.headers -- >> Content-Type: application/json
16:19:16.395 [main] DEBUG org.apache.http.headers -- >> Accept: */*
16:19:16.395 [main] DEBUG org.apache.http.headers -- >> Host: rahulshettyacademy.com
16:19:16.395 [main] DEBUG org.apache.http.headers -- >> Connection: Keep-Alive
16:19:16.395 [main] DEBUG org.apache.http.headers -- >> User-Agent: Apache-HttpClient/4.5.13 (Java/21.0.8)
16:19:16.395 [main] DEBUG org.apache.http.headers -- >> Accept-Encoding: gzip,deflate
16:19:18.000 [main] DEBUG org.apache.http.wire --  << "HTTP/1.1 200 OK[\r][\n]"
16:19:18.000 [main] DEBUG org.apache.http.wire --  << "Date: Thu, 11 Dec 2025 10:49:17 GMT[\r][\n]"
16:19:18.000 [main] DEBUG org.apache.http.wire --  << "Server: Apache/2.4.52 (Ubuntu)[\r][\n]"
16:19:18.000 [main] DEBUG org.apache.http.wire --  << "Access-Control-Allow-Origin: *[\r][\n]"
16:19:18.001 [main] DEBUG org.apache.http.wire --  << "Access-Control-Allow-Methods: POST[\r][\n]"
16:19:18.001 [main] DEBUG org.apache.http.wire --  << "Access-Control-Max-Age: 3600[\r][\n]"
16:19:18.001 [main] DEBUG org.apache.http.wire --  << "Access-Control-Allow-Headers: Content-Type, Access-Control-Allow-Headers, Authorization, X-Requested-With[\r][\n]"
16:19:18.001 [main] DEBUG org.apache.http.wire --  << "Content-Length: 253[\r][\n]"
16:19:18.001 [main] DEBUG org.apache.http.wire --  << "Keep-Alive: timeout=5, max=100[\r][\n]"
16:19:18.001 [main] DEBUG org.apache.http.wire --  << "Connection: Keep-Alive[\r][\n]"
16:19:18.002 [main] DEBUG org.apache.http.wire --  << "Content-Type: application/json;charset=UTF-8[\r][\n]"
16:19:18.002 [main] DEBUG org.apache.http.wire --  << "[\r][\n]"
16:19:18.003 [main] DEBUG org.apache.http.impl.conn.DefaultClientConnection -- Receiving response: HTTP/1.1 200 OK
16:19:18.003 [main] DEBUG org.apache.http.headers -- << HTTP/1.1 200 OK
16:19:18.003 [main] DEBUG org.apache.http.headers -- << Date: Thu, 11 Dec 2025 10:49:17 GMT
16:19:18.003 [main] DEBUG org.apache.http.headers -- << Server: Apache/2.4.52 (Ubuntu)
16:19:18.003 [main] DEBUG org.apache.http.headers -- << Access-Control-Allow-Origin: *
16:19:18.003 [main] DEBUG org.apache.http.headers -- << Access-Control-Allow-Methods: POST
16:19:18.003 [main] DEBUG org.apache.http.headers -- << Access-Control-Max-Age: 3600
16:19:18.003 [main] DEBUG org.apache.http.headers -- << Access-Control-Allow-Headers: Content-Type, Access-Control-Allow-Headers, Authorization, X-Requested-With
16:19:18.003 [main] DEBUG org.apache.http.headers -- << Content-Length: 253
16:19:18.003 [main] DEBUG org.apache.http.headers -- << Keep-Alive: timeout=5, max=100
16:19:18.003 [main] DEBUG org.apache.http.headers -- << Connection: Keep-Alive
16:19:18.003 [main] DEBUG org.apache.http.headers -- << Content-Type: application/json;charset=UTF-8
16:19:18.003 [main] DEBUG org.apache.http.impl.client.DefaultHttpClient -- Connection can be kept alive for 5000 MILLISECONDS
16:19:18.003 [main] DEBUG io.restassured.internal.RestAssuredHttpBuilder -- Parsing response as: application/json;charset=UTF-8
16:19:18.003 [main] DEBUG io.restassured.internal.RestAssuredHttpBuilder -- Parsed data to instance of: class org.apache.http.conn.EofSensorInputStream
16:19:18.008 [main] DEBUG org.apache.http.wire --  << "{"location":{"latitude":"-38.383494","longitude":"33.427362"},"accuracy":"50","name":"AAhouse","phone_number":"(+91) 983 893 3937","address":"World cross center","types":"shoe park,shop","website":"https:\/\/rahulshettyacademy.com","language":"English"}"
16:19:18.008 [main] DEBUG org.apache.http.impl.conn.BasicClientConnectionManager -- Releasing connection org.apache.http.impl.conn.ManagedClientConnectionImpl@3f6c2763
16:19:18.008 [main] DEBUG org.apache.http.impl.conn.BasicClientConnectionManager -- Connection can be kept alive for 5000 MILLISECONDS
]]></system-out>
  </testcase>
  <testcase name="Verify if Delete Place functionality is working" classname="Validating Place API&apos;s" time="2.478">
    <system-out><![CDATA[/maps/api/place/delete/json
16:19:18.100 [main] DEBUG org.apache.http.impl.conn.BasicClientConnectionManager -- Get connection for route {s}->https://rahulshettyacademy.com:443
16:19:18.100 [main] DEBUG org.apache.http.impl.conn.DefaultClientConnectionOperator -- Connecting to rahulshettyacademy.com:443
16:19:18.187 [main] DEBUG org.apache.http.client.protocol.RequestAddCookies -- CookieSpec selected: ignoreCookies
16:19:18.188 [main] DEBUG org.apache.http.client.protocol.RequestAuthCache -- Auth cache not set in the context
16:19:18.188 [main] DEBUG org.apache.http.client.protocol.RequestTargetAuthentication -- Target auth state: UNCHALLENGED
16:19:18.188 [main] DEBUG org.apache.http.client.protocol.RequestProxyAuthentication -- Proxy auth state: UNCHALLENGED
16:19:18.188 [main] DEBUG org.apache.http.impl.client.DefaultHttpClient -- Attempt 1 to execute request
16:19:18.188 [main] DEBUG org.apache.http.impl.conn.DefaultClientConnection -- Sending request: POST /maps/api/place/delete/json?key=qaclick123 HTTP/1.1
16:19:18.188 [main] DEBUG org.apache.http.wire --  >> "POST /maps/api/place/delete/json?key=qaclick123 HTTP/1.1[\r][\n]"
16:19:18.188 [main] DEBUG org.apache.http.wire --  >> "Accept: */*[\r][\n]"
16:19:18.188 [main] DEBUG org.apache.http.wire --  >> "Content-Type: application/json[\r][\n]"
16:19:18.188 [main] DEBUG org.apache.http.wire --  >> "Content-Length: 54[\r][\n]"
16:19:18.189 [main] DEBUG org.apache.http.wire --  >> "Host: rahulshettyacademy.com[\r][\n]"
16:19:18.189 [main] DEBUG org.apache.http.wire --  >> "Connection: Keep-Alive[\r][\n]"
16:19:18.189 [main] DEBUG org.apache.http.wire --  >> "User-Agent: Apache-HttpClient/4.5.13 (Java/21.0.8)[\r][\n]"
16:19:18.189 [main] DEBUG org.apache.http.wire --  >> "Accept-Encoding: gzip,deflate[\r][\n]"
16:19:18.189 [main] DEBUG org.apache.http.wire --  >> "[\r][\n]"
16:19:18.190 [main] DEBUG org.apache.http.headers -- >> POST /maps/api/place/delete/json?key=qaclick123 HTTP/1.1
16:19:18.190 [main] DEBUG org.apache.http.headers -- >> Accept: */*
16:19:18.190 [main] DEBUG org.apache.http.headers -- >> Content-Type: application/json
16:19:18.190 [main] DEBUG org.apache.http.headers -- >> Content-Length: 54
16:19:18.190 [main] DEBUG org.apache.http.headers -- >> Host: rahulshettyacademy.com
16:19:18.190 [main] DEBUG org.apache.http.headers -- >> Connection: Keep-Alive
16:19:18.190 [main] DEBUG org.apache.http.headers -- >> User-Agent: Apache-HttpClient/4.5.13 (Java/21.0.8)
16:19:18.190 [main] DEBUG org.apache.http.headers -- >> Accept-Encoding: gzip,deflate
16:19:18.190 [main] DEBUG org.apache.http.wire --  >> "{[\r][\n]"
16:19:18.191 [main] DEBUG org.apache.http.wire --  >> "  "place_id": "33723bd4c007325ac4b7d3cf3d4f8933"[\r][\n]"
16:19:18.191 [main] DEBUG org.apache.http.wire --  >> "}"
16:19:20.509 [main] DEBUG org.apache.http.wire --  << "HTTP/1.1 200 OK[\r][\n]"
16:19:20.509 [main] DEBUG org.apache.http.wire --  << "Date: Thu, 11 Dec 2025 10:49:18 GMT[\r][\n]"
16:19:20.509 [main] DEBUG org.apache.http.wire --  << "Server: Apache/2.4.52 (Ubuntu)[\r][\n]"
16:19:20.509 [main] DEBUG org.apache.http.wire --  << "Access-Control-Allow-Origin: *[\r][\n]"
16:19:20.509 [main] DEBUG org.apache.http.wire --  << "Access-Control-Allow-Methods: POST[\r][\n]"
16:19:20.514 [main] DEBUG org.apache.http.wire --  << "Access-Control-Max-Age: 3600[\r][\n]"
16:19:20.514 [main] DEBUG org.apache.http.wire --  << "Access-Control-Allow-Headers: Content-Type, Access-Control-Allow-Headers, Authorization, X-Requested-With[\r][\n]"
16:19:20.514 [main] DEBUG org.apache.http.wire --  << "Content-Length: 15[\r][\n]"
16:19:20.515 [main] DEBUG org.apache.http.wire --  << "Keep-Alive: timeout=5, max=100[\r][\n]"
16:19:20.516 [main] DEBUG org.apache.http.wire --  << "Connection: Keep-Alive[\r][\n]"
16:19:20.516 [main] DEBUG org.apache.http.wire --  << "Content-Type: application/json;charset=UTF-8[\r][\n]"
16:19:20.516 [main] DEBUG org.apache.http.wire --  << "[\r][\n]"
16:19:20.516 [main] DEBUG org.apache.http.impl.conn.DefaultClientConnection -- Receiving response: HTTP/1.1 200 OK
16:19:20.516 [main] DEBUG org.apache.http.headers -- << HTTP/1.1 200 OK
16:19:20.516 [main] DEBUG org.apache.http.headers -- << Date: Thu, 11 Dec 2025 10:49:18 GMT
16:19:20.516 [main] DEBUG org.apache.http.headers -- << Server: Apache/2.4.52 (Ubuntu)
16:19:20.516 [main] DEBUG org.apache.http.headers -- << Access-Control-Allow-Origin: *
16:19:20.516 [main] DEBUG org.apache.http.headers -- << Access-Control-Allow-Methods: POST
16:19:20.516 [main] DEBUG org.apache.http.headers -- << Access-Control-Max-Age: 3600
16:19:20.516 [main] DEBUG org.apache.http.headers -- << Access-Control-Allow-Headers: Content-Type, Access-Control-Allow-Headers, Authorization, X-Requested-With
16:19:20.516 [main] DEBUG org.apache.http.headers -- << Content-Length: 15
16:19:20.516 [main] DEBUG org.apache.http.headers -- << Keep-Alive: timeout=5, max=100
16:19:20.516 [main] DEBUG org.apache.http.headers -- << Connection: Keep-Alive
16:19:20.516 [main] DEBUG org.apache.http.headers -- << Content-Type: application/json;charset=UTF-8
16:19:20.516 [main] DEBUG org.apache.http.impl.client.DefaultHttpClient -- Connection can be kept alive for 5000 MILLISECONDS
16:19:20.516 [main] DEBUG io.restassured.internal.RestAssuredHttpBuilder -- Parsing response as: application/json;charset=UTF-8
16:19:20.516 [main] DEBUG io.restassured.internal.RestAssuredHttpBuilder -- Parsed data to instance of: class org.apache.http.conn.EofSensorInputStream
16:19:20.516 [main] DEBUG org.apache.http.wire --  << "{"status":"OK"}"
16:19:20.516 [main] DEBUG org.apache.http.impl.conn.BasicClientConnectionManager -- Releasing connection org.apache.http.impl.conn.ManagedClientConnectionImpl@5abf6a99
16:19:20.521 [main] DEBUG org.apache.http.impl.conn.BasicClientConnectionManager -- Connection can be kept alive for 5000 MILLISECONDS
]]></system-out>
  </testcase>
</testsuite>