<?xml version="1.0" encoding="UTF-8"?>
<testng-results ignored="0" total="1" passed="1" failed="0" skipped="0">
  <reporter-output>
  </reporter-output>
  <suite started-at="2026-01-07T12:04:36 IST" name="Default suite" finished-at="2026-01-07T12:04:39 IST" duration-ms="2404">
    <groups>
    </groups>
    <test started-at="2026-01-07T12:04:36 IST" name="Default test" finished-at="2026-01-07T12:04:39 IST" duration-ms="2404">
      <class name="Excel.excelDriven">
        <test-method signature="addBook()[pri:0, instance:Excel.excelDriven@41fecb8b]" started-at="2026-01-07T12:04:36 IST" name="addBook" finished-at="2026-01-07T12:04:39 IST" duration-ms="2362" status="PASS">
          <reporter-output>
          </reporter-output>
        </test-method> <!-- addBook -->
      </class> <!-- Excel.excelDriven -->
    </test> <!-- Default test -->
  </suite> <!-- Default suite -->
</testng-results>
